<?xml version="1.0" encoding="UTF-8" ?>
<testsuite failures="1" time="15.483" errors="0" skipped="0" tests="3" name="TestSuite">
  <properties>
    <property name="java.runtime.name" value="Java(TM) SE Runtime Environment"/>
    <property name="sun.boot.library.path" value="C:\Program Files\Java\jdk1.7.0_17\jre\bin"/>
    <property name="java.vm.version" value="23.7-b01"/>
    <property name="java.vm.vendor" value="Oracle Corporation"/>
    <property name="java.vendor.url" value="http://java.oracle.com/"/>
    <property name="path.separator" value=";"/>
    <property name="guice.disable.misplaced.annotation.check" value="true"/>
    <property name="java.vm.name" value="Java HotSpot(TM) Client VM"/>
    <property name="file.encoding.pkg" value="sun.io"/>
    <property name="user.script" value=""/>
    <property name="user.country" value="IT"/>
    <property name="sun.java.launcher" value="SUN_STANDARD"/>
    <property name="sun.os.patch.level" value="Service Pack 1"/>
    <property name="java.vm.specification.name" value="Java Virtual Machine Specification"/>
    <property name="user.dir" value="C:\Users\pierfrancesco\Documents\GitHub\projectGiw\nosql-social-model"/>
    <property name="java.runtime.version" value="1.7.0_17-b02"/>
    <property name="java.awt.graphicsenv" value="sun.awt.Win32GraphicsEnvironment"/>
    <property name="java.endorsed.dirs" value="C:\Program Files\Java\jdk1.7.0_17\jre\lib\endorsed"/>
    <property name="os.arch" value="x86"/>
    <property name="java.io.tmpdir" value="C:\Users\PIERFR~1\AppData\Local\Temp\"/>
    <property name="line.separator" value="
"/>
    <property name="java.vm.specification.vendor" value="Oracle Corporation"/>
    <property name="user.variant" value=""/>
    <property name="os.name" value="Windows 7"/>
    <property name="classworlds.conf" value="C:\Program Files\apache-maven-3.0.5\bin\..\bin\m2.conf"/>
    <property name="sun.jnu.encoding" value="Cp1252"/>
    <property name="java.library.path" value="C:\Program Files\Java\jdk1.7.0_17\bin;C:\Windows\Sun\Java\bin;C:\Windows\system32;C:\Windows;C:\Program Files\apache-maven-3.0.5\bin;C:\Program Files\Java\jdk1.7.0_17\bin;C:\Users\pierfrancesco\AppData\Roaming\npm;."/>
    <property name="java.specification.name" value="Java Platform API Specification"/>
    <property name="java.class.version" value="51.0"/>
    <property name="sun.management.compiler" value="HotSpot Client Compiler"/>
    <property name="os.version" value="6.1"/>
    <property name="user.home" value="C:\Users\pierfrancesco"/>
    <property name="user.timezone" value="Europe/Berlin"/>
    <property name="java.awt.printerjob" value="sun.awt.windows.WPrinterJob"/>
    <property name="java.specification.version" value="1.7"/>
    <property name="file.encoding" value="Cp1252"/>
    <property name="user.name" value="pierfrancesco"/>
    <property name="java.class.path" value="C:\Program Files\apache-maven-3.0.5\bin\..\boot\plexus-classworlds-2.4.jar"/>
    <property name="java.vm.specification.version" value="1.7"/>
    <property name="sun.arch.data.model" value="32"/>
    <property name="java.home" value="C:\Program Files\Java\jdk1.7.0_17\jre"/>
    <property name="sun.java.command" value="org.codehaus.plexus.classworlds.launcher.Launcher clean install"/>
    <property name="java.specification.vendor" value="Oracle Corporation"/>
    <property name="user.language" value="it"/>
    <property name="awt.toolkit" value="sun.awt.windows.WToolkit"/>
    <property name="java.vm.info" value="mixed mode, sharing"/>
    <property name="java.version" value="1.7.0_17"/>
    <property name="java.ext.dirs" value="C:\Program Files\Java\jdk1.7.0_17\jre\lib\ext;C:\Windows\Sun\Java\lib\ext"/>
    <property name="sun.boot.class.path" value="C:\Program Files\Java\jdk1.7.0_17\jre\lib\resources.jar;C:\Program Files\Java\jdk1.7.0_17\jre\lib\rt.jar;C:\Program Files\Java\jdk1.7.0_17\jre\lib\sunrsasign.jar;C:\Program Files\Java\jdk1.7.0_17\jre\lib\jsse.jar;C:\Program Files\Java\jdk1.7.0_17\jre\lib\jce.jar;C:\Program Files\Java\jdk1.7.0_17\jre\lib\charsets.jar;C:\Program Files\Java\jdk1.7.0_17\jre\lib\jfr.jar;C:\Program Files\Java\jdk1.7.0_17\jre\classes"/>
    <property name="java.vendor" value="Oracle Corporation"/>
    <property name="maven.home" value="C:\Program Files\apache-maven-3.0.5\bin\.."/>
    <property name="file.separator" value="\"/>
    <property name="java.vendor.url.bug" value="http://bugreport.sun.com/bugreport/"/>
    <property name="sun.cpu.endian" value="little"/>
    <property name="sun.io.unicode.encoding" value="UnicodeLittle"/>
    <property name="sun.desktop" value="windows"/>
    <property name="sun.cpu.isalist" value="pentium_pro+mmx pentium_pro pentium+mmx pentium i486 i386 i86"/>
  </properties>
  <testcase time="0.001" classname="it.uniroma3.dia.giw.repositories.ElasticSearchInputOutputRepositoryIntegrationTestCase" name="shouldBeGreen"/>
  <testcase time="2.508" classname="it.uniroma3.dia.giw.repositories.performance.InMemoryInputOutputRepositoryPerformanceTest" name="assessPerformance"/>
  <testcase time="1.407" classname="it.uniroma3.dia.giw.repositories.performance.ElasticSearchStoreQueryRepositoryPerformanceTest" name="assessPerformance">
    <failure message="failed to execute script" type="org.elasticsearch.ElasticSearchIllegalArgumentException">org.elasticsearch.ElasticSearchIllegalArgumentException: failed to execute script
	at org.elasticsearch.action.update.TransportUpdateAction.shardOperation(TransportUpdateAction.java:314)
	at org.elasticsearch.action.update.TransportUpdateAction.shardOperation(TransportUpdateAction.java:211)
	at org.elasticsearch.action.update.TransportUpdateAction.shardOperation(TransportUpdateAction.java:85)
	at org.elasticsearch.action.support.single.instance.TransportInstanceSingleOperationAction$AsyncSingleAction$1.run(TransportInstanceSingleOperationAction.java:191)
	at java.util.concurrent.ThreadPoolExecutor.runWorker(ThreadPoolExecutor.java:1145)
	at java.util.concurrent.ThreadPoolExecutor$Worker.run(ThreadPoolExecutor.java:615)
	at java.lang.Thread.run(Thread.java:722)
Caused by: [Error: could not access: id; in class: java.util.ArrayList]
[Near : {... if (ctx._source.author.id.contains ....}]
                 ^
[Line: 1, Column: 5]
	at org.elasticsearch.common.mvel2.optimizers.impl.refl.ReflectiveAccessorOptimizer.getBeanProperty(ReflectiveAccessorOptimizer.java:690)
	at org.elasticsearch.common.mvel2.optimizers.impl.refl.ReflectiveAccessorOptimizer.compileGetChain(ReflectiveAccessorOptimizer.java:341)
	at org.elasticsearch.common.mvel2.optimizers.impl.refl.ReflectiveAccessorOptimizer.optimizeAccessor(ReflectiveAccessorOptimizer.java:143)
	at org.elasticsearch.common.mvel2.optimizers.dynamic.DynamicOptimizer.optimizeAccessor(DynamicOptimizer.java:67)
	at org.elasticsearch.common.mvel2.ast.ASTNode.optimize(ASTNode.java:159)
	at org.elasticsearch.common.mvel2.ast.ASTNode.getReducedValueAccelerated(ASTNode.java:115)
	at org.elasticsearch.common.mvel2.compiler.ExecutableAccessor.getValue(ExecutableAccessor.java:38)
	at org.elasticsearch.common.mvel2.ast.IfNode.getReducedValueAccelerated(IfNode.java:73)
	at org.elasticsearch.common.mvel2.MVELRuntime.execute(MVELRuntime.java:85)
	at org.elasticsearch.common.mvel2.compiler.CompiledExpression.getDirectValue(CompiledExpression.java:123)
	at org.elasticsearch.common.mvel2.compiler.CompiledExpression.getValue(CompiledExpression.java:119)
	at org.elasticsearch.common.mvel2.compiler.CompiledExpression.getValue(CompiledExpression.java:113)
	at org.elasticsearch.script.mvel.MvelScriptEngineService$MvelExecutableScript.run(MvelScriptEngineService.java:130)
	at org.elasticsearch.action.update.TransportUpdateAction.shardOperation(TransportUpdateAction.java:310)
	... 6 more
Caused by: [Error: could not access: id; in class: java.util.ArrayList]
[Near : {... if (ctx._source.author.id.contains ....}]
                 ^
[Line: 1, Column: 5]
	at org.elasticsearch.common.mvel2.optimizers.impl.refl.ReflectiveAccessorOptimizer.getBeanProperty(ReflectiveAccessorOptimizer.java:690)
	at org.elasticsearch.common.mvel2.optimizers.impl.refl.ReflectiveAccessorOptimizer.compileGetChain(ReflectiveAccessorOptimizer.java:341)
	at org.elasticsearch.common.mvel2.optimizers.impl.refl.ReflectiveAccessorOptimizer.optimizeAccessor(ReflectiveAccessorOptimizer.java:143)
	at org.elasticsearch.common.mvel2.optimizers.dynamic.DynamicOptimizer.optimizeAccessor(DynamicOptimizer.java:67)
	at org.elasticsearch.common.mvel2.ast.ASTNode.optimize(ASTNode.java:159)
	at org.elasticsearch.common.mvel2.ast.ASTNode.getReducedValueAccelerated(ASTNode.java:115)
	at org.elasticsearch.common.mvel2.compiler.ExecutableAccessor.getValue(ExecutableAccessor.java:38)
	at org.elasticsearch.common.mvel2.ast.IfNode.getReducedValueAccelerated(IfNode.java:73)
	at org.elasticsearch.common.mvel2.MVELRuntime.execute(MVELRuntime.java:85)
	at org.elasticsearch.common.mvel2.compiler.CompiledExpression.getDirectValue(CompiledExpression.java:123)
	at org.elasticsearch.common.mvel2.compiler.CompiledExpression.getValue(CompiledExpression.java:119)
	at org.elasticsearch.common.mvel2.compiler.CompiledExpression.getValue(CompiledExpression.java:113)
	at org.elasticsearch.script.mvel.MvelScriptEngineService$MvelExecutableScript.run(MvelScriptEngineService.java:130)
	at org.elasticsearch.action.update.TransportUpdateAction.shardOperation(TransportUpdateAction.java:310)
	... 6 more
</failure>
    <system-out>PROVA2
9927 [main] INFO  org.elasticsearch.plugins  - [Crimson Cowl] loaded [], sites []
10070 [main] INFO  org.elasticsearch.transport  - [Crimson Cowl] bound_address {local[3]}, publish_address {local[3]}
10071 [main] INFO  org.elasticsearch.discovery  - [Crimson Cowl] es/3
10293 [main] INFO  org.elasticsearch.http  - [Crimson Cowl] bound_address {inet[/0:0:0:0:0:0:0:0:9200]}, publish_address {inet[/192.168.2.6:9200]}
10319 [main] INFO  org.elasticsearch.plugins  - [Sub-Mariner] loaded [], sites []
10454 [main] INFO  org.elasticsearch.transport  - [Sub-Mariner] bound_address {local[4]}, publish_address {local[4]}
10475 [elasticsearch[Crimson Cowl][clusterService#updateTask][T#1]] INFO  org.elasticsearch.gateway  - [Crimson Cowl] recovered [0] indices into cluster_state
10478 [main] INFO  org.elasticsearch.discovery  - [Sub-Mariner] es/4
10693 [main] INFO  org.elasticsearch.http  - [Sub-Mariner] bound_address {inet[/0:0:0:0:0:0:0:0:9201]}, publish_address {inet[/192.168.2.6:9201]}
12832 [main] INFO  it.uniroma3.dia.giw.repositories.performance.ElasticSearchStoreQueryRepositoryPerformanceTest  - mapping: {&quot;context_tweet&quot;:{&quot;properties&quot;:{&quot;tweet&quot;:{&quot;properties&quot;:{&quot;user&quot;:{&quot;properties&quot;:{&quot;screenName&quot;:{&quot;type&quot;:&quot;string&quot;,&quot;index&quot;:&quot;not_analyzed&quot;}}}}},&quot;context_tweet_id&quot;:{&quot;properties&quot;:{&quot;id&quot;:{&quot;type&quot;:&quot;string&quot;}}},&quot;year&quot;:{&quot;type&quot;:&quot;integer&quot;},&quot;dayOfTheYear&quot;:{&quot;type&quot;:&quot;integer&quot;},&quot;monitoringActivityId&quot;:{&quot;type&quot;:&quot;string&quot;}}}}
Prova1


 andomInde8










ora ci sono





+++++++++++++++++++++++++++++++++

















ora ci sono





+++++++++++++++++++++++++++++++++

















ora ci sono





+++++++++++++++++++++++++++++++++

















ora ci sono





+++++++++++++++++++++++++++++++++

















ora ci sono





+++++++++++++++++++++++++++++++++

















ora ci sono





+++++++++++++++++++++++++++++++++

















ora ci sono





+++++++++++++++++++++++++++++++++

















ora ci sono





+++++++++++++++++++++++++++++++++

















ora ci sono





+++++++++++++++++++++++++++++++++

















ora ci sono





+++++++++++++++++++++++++++++++++







13350 [main] INFO  it.uniroma3.dia.giw.repositories.performance.ElasticSearchStoreQueryRepositoryPerformanceTest  - Testing performances of a repository containing 10 tweets
QUESTO Ã¨ il monitor2013-08-01T00:00:00.000+02:00
2013-09-03T10:28:47.520+02:00
QUESTO{
  &quot;took&quot; : 49,
  &quot;timed_out&quot; : false,
  &quot;_shards&quot; : {
    &quot;total&quot; : 5,
    &quot;successful&quot; : 5,
    &quot;failed&quot; : 0
  },
  &quot;hits&quot; : {
    &quot;total&quot; : 0,
    &quot;max_score&quot; : null,
    &quot;hits&quot; : [ ]
  },
  &quot;facets&quot; : {
    &quot;screenName&quot; : {
      &quot;_type&quot; : &quot;terms&quot;,
      &quot;missing&quot; : 0,
      &quot;total&quot; : 0,
      &quot;other&quot; : 0,
      &quot;terms&quot; : [ ]
    }
  }
}
it.uniroma3.dia.giw.model.StringOccurrences@1438a5b
QUESTO Ã¨ il monitor2013-08-01T00:00:00.000+02:00
2013-09-03T10:28:47.520+02:00
QUESTO{
  &quot;took&quot; : 4,
  &quot;timed_out&quot; : false,
  &quot;_shards&quot; : {
    &quot;total&quot; : 5,
    &quot;successful&quot; : 5,
    &quot;failed&quot; : 0
  },
  &quot;hits&quot; : {
    &quot;total&quot; : 0,
    &quot;max_score&quot; : null,
    &quot;hits&quot; : [ ]
  },
  &quot;facets&quot; : {
    &quot;screenName&quot; : {
      &quot;_type&quot; : &quot;terms&quot;,
      &quot;missing&quot; : 0,
      &quot;total&quot; : 0,
      &quot;other&quot; : 0,
      &quot;terms&quot; : [ ]
    }
  }
}
it.uniroma3.dia.giw.model.StringOccurrences@1307187
QUESTO Ã¨ il monitor2013-08-01T00:00:00.000+02:00
2013-09-03T10:28:47.520+02:00
QUESTO{
  &quot;took&quot; : 6,
  &quot;timed_out&quot; : false,
  &quot;_shards&quot; : {
    &quot;total&quot; : 5,
    &quot;successful&quot; : 5,
    &quot;failed&quot; : 0
  },
  &quot;hits&quot; : {
    &quot;total&quot; : 0,
    &quot;max_score&quot; : null,
    &quot;hits&quot; : [ ]
  },
  &quot;facets&quot; : {
    &quot;screenName&quot; : {
      &quot;_type&quot; : &quot;terms&quot;,
      &quot;missing&quot; : 0,
      &quot;total&quot; : 0,
      &quot;other&quot; : 0,
      &quot;terms&quot; : [ ]
    }
  }
}
it.uniroma3.dia.giw.model.StringOccurrences@15d246f
QUESTO Ã¨ il monitor2013-08-01T00:00:00.000+02:00
2013-09-03T10:28:47.520+02:00
QUESTO{
  &quot;took&quot; : 7,
  &quot;timed_out&quot; : false,
  &quot;_shards&quot; : {
    &quot;total&quot; : 5,
    &quot;successful&quot; : 5,
    &quot;failed&quot; : 0
  },
  &quot;hits&quot; : {
    &quot;total&quot; : 0,
    &quot;max_score&quot; : null,
    &quot;hits&quot; : [ ]
  },
  &quot;facets&quot; : {
    &quot;screenName&quot; : {
      &quot;_type&quot; : &quot;terms&quot;,
      &quot;missing&quot; : 0,
      &quot;total&quot; : 0,
      &quot;other&quot; : 0,
      &quot;terms&quot; : [ ]
    }
  }
}
it.uniroma3.dia.giw.model.StringOccurrences@2ff64
QUESTO Ã¨ il monitor2013-08-01T00:00:00.000+02:00
2013-09-03T10:28:47.520+02:00
QUESTO{
  &quot;took&quot; : 4,
  &quot;timed_out&quot; : false,
  &quot;_shards&quot; : {
    &quot;total&quot; : 5,
    &quot;successful&quot; : 5,
    &quot;failed&quot; : 0
  },
  &quot;hits&quot; : {
    &quot;total&quot; : 0,
    &quot;max_score&quot; : null,
    &quot;hits&quot; : [ ]
  },
  &quot;facets&quot; : {
    &quot;screenName&quot; : {
      &quot;_type&quot; : &quot;terms&quot;,
      &quot;missing&quot; : 0,
      &quot;total&quot; : 0,
      &quot;other&quot; : 0,
      &quot;terms&quot; : [ ]
    }
  }
}
it.uniroma3.dia.giw.model.StringOccurrences@cd3188


 andomInde54










ora ci sono





+++++++++++++++++++++++++++++++++

















ora ci sono





+++++++++++++++++++++++++++++++++

















ora ci sono





+++++++++++++++++++++++++++++++++

















ora ci sono





+++++++++++++++++++++++++++++++++

















ora ci sono





+++++++++++++++++++++++++++++++++

















ora ci sono





+++++++++++++++++++++++++++++++++

















ora ci sono





+++++++++++++++++++++++++++++++++

















ora ci sono





+++++++++++++++++++++++++++++++++

















ora ci sono





+++++++++++++++++++++++++++++++++

















ora ci sono





+++++++++++++++++++++++++++++++++

















ora ci sono





+++++++++++++++++++++++++++++++++

















ora ci sono





+++++++++++++++++++++++++++++++++

















ora ci sono





+++++++++++++++++++++++++++++++++

















ora ci sono





+++++++++++++++++++++++++++++++++

















ora ci sono





+++++++++++++++++++++++++++++++++

















ora ci sono





+++++++++++++++++++++++++++++++++

















ora ci sono





+++++++++++++++++++++++++++++++++

















ora ci sono





+++++++++++++++++++++++++++++++++

















ora ci sono





+++++++++++++++++++++++++++++++++

















ora ci sono





+++++++++++++++++++++++++++++++++

















ora ci sono





+++++++++++++++++++++++++++++++++

















ora ci sono





+++++++++++++++++++++++++++++++++

















ora ci sono





+++++++++++++++++++++++++++++++++

















ora ci sono





+++++++++++++++++++++++++++++++++

















ora ci sono





+++++++++++++++++++++++++++++++++

















ora ci sono





+++++++++++++++++++++++++++++++++

















ora ci sono





+++++++++++++++++++++++++++++++++

















ora ci sono





+++++++++++++++++++++++++++++++++

















ora ci sono





+++++++++++++++++++++++++++++++++

















ora ci sono





+++++++++++++++++++++++++++++++++

















ora ci sono





+++++++++++++++++++++++++++++++++

















ora ci sono





+++++++++++++++++++++++++++++++++

















ora ci sono





+++++++++++++++++++++++++++++++++

















ora ci sono





+++++++++++++++++++++++++++++++++

















ora ci sono





+++++++++++++++++++++++++++++++++

















ora ci sono





+++++++++++++++++++++++++++++++++

















ora ci sono





+++++++++++++++++++++++++++++++++

















ora ci sono





+++++++++++++++++++++++++++++++++

















ora ci sono





+++++++++++++++++++++++++++++++++

















ora ci sono





+++++++++++++++++++++++++++++++++

















ora ci sono





+++++++++++++++++++++++++++++++++

















ora ci sono





+++++++++++++++++++++++++++++++++

















ora ci sono





+++++++++++++++++++++++++++++++++

















ora ci sono





+++++++++++++++++++++++++++++++++

















ora ci sono





+++++++++++++++++++++++++++++++++

















ora ci sono





+++++++++++++++++++++++++++++++++

















ora ci sono





+++++++++++++++++++++++++++++++++

















ora ci sono





+++++++++++++++++++++++++++++++++

















ora ci sono





+++++++++++++++++++++++++++++++++

















ora ci sono





+++++++++++++++++++++++++++++++++

















ora ci sono





+++++++++++++++++++++++++++++++++

















ora ci sono





+++++++++++++++++++++++++++++++++

















ora ci sono





+++++++++++++++++++++++++++++++++

















ora ci sono





+++++++++++++++++++++++++++++++++

















ora ci sono





+++++++++++++++++++++++++++++++++

















ora ci sono





+++++++++++++++++++++++++++++++++

















ora ci sono





+++++++++++++++++++++++++++++++++

















ora ci sono





+++++++++++++++++++++++++++++++++

















ora ci sono





+++++++++++++++++++++++++++++++++

















ora ci sono





+++++++++++++++++++++++++++++++++

















ora ci sono





+++++++++++++++++++++++++++++++++

















ora ci sono





+++++++++++++++++++++++++++++++++

















ora ci sono





+++++++++++++++++++++++++++++++++

















ora ci sono





+++++++++++++++++++++++++++++++++

















ora ci sono





+++++++++++++++++++++++++++++++++

















ora ci sono





+++++++++++++++++++++++++++++++++

















ora ci sono





+++++++++++++++++++++++++++++++++

















ora ci sono





+++++++++++++++++++++++++++++++++

















ora ci sono





+++++++++++++++++++++++++++++++++

















ora ci sono





+++++++++++++++++++++++++++++++++

















ora ci sono





+++++++++++++++++++++++++++++++++

















ora ci sono





+++++++++++++++++++++++++++++++++

















ora ci sono





+++++++++++++++++++++++++++++++++

















ora ci sono





+++++++++++++++++++++++++++++++++

















ora ci sono





+++++++++++++++++++++++++++++++++

















ora ci sono





+++++++++++++++++++++++++++++++++

















ora ci sono





+++++++++++++++++++++++++++++++++

















ora ci sono





+++++++++++++++++++++++++++++++++

















ora ci sono





+++++++++++++++++++++++++++++++++

















ora ci sono





+++++++++++++++++++++++++++++++++

















ora ci sono





+++++++++++++++++++++++++++++++++

















ora ci sono





+++++++++++++++++++++++++++++++++

















ora ci sono





+++++++++++++++++++++++++++++++++

















ora ci sono





+++++++++++++++++++++++++++++++++

















ora ci sono





+++++++++++++++++++++++++++++++++

















ora ci sono





+++++++++++++++++++++++++++++++++

















ora ci sono





+++++++++++++++++++++++++++++++++

















ora ci sono





+++++++++++++++++++++++++++++++++

















ora ci sono





+++++++++++++++++++++++++++++++++

















ora ci sono





+++++++++++++++++++++++++++++++++

















ora ci sono





+++++++++++++++++++++++++++++++++

















ora ci sono





+++++++++++++++++++++++++++++++++

















ora ci sono





+++++++++++++++++++++++++++++++++

















ora ci sono





+++++++++++++++++++++++++++++++++

















ora ci sono





+++++++++++++++++++++++++++++++++

















ora ci sono





+++++++++++++++++++++++++++++++++

















ora ci sono





+++++++++++++++++++++++++++++++++

















ora ci sono





+++++++++++++++++++++++++++++++++








ora NOci sono
+++++++++++++++++++++++++++++++++{
  &quot;took&quot; : 20,
  &quot;timed_out&quot; : false,
  &quot;_shards&quot; : {
    &quot;total&quot; : 5,
    &quot;successful&quot; : 5,
    &quot;failed&quot; : 0
  },
  &quot;hits&quot; : {
    &quot;total&quot; : 1,
    &quot;max_score&quot; : 1.0,
    &quot;hits&quot; : [ {
      &quot;_index&quot; : &quot;twitter&quot;,
      &quot;_type&quot; : &quot;occurences&quot;,
      &quot;_id&quot; : &quot;2013-09-01T21:30:00.000+02:00&quot;,
      &quot;_score&quot; : 1.0, &quot;_source&quot; : {&quot;author&quot;:[{&quot;id&quot; :&quot;123456789&quot;,&quot;count&quot;: &quot;1&quot; }]}
    } ]
  }
}
</system-out>
  </testcase>
</testsuite>