<?xml version="1.0" encoding="UTF-8" ?>
<testsuite failures="1" time="15.031" errors="0" skipped="0" tests="3" name="TestSuite">
  <properties>
    <property name="java.runtime.name" value="Java(TM) SE Runtime Environment"/>
    <property name="sun.boot.library.path" value="C:\Program Files\Java\jdk1.7.0_17\jre\bin"/>
    <property name="java.vm.version" value="23.7-b01"/>
    <property name="java.vm.vendor" value="Oracle Corporation"/>
    <property name="java.vendor.url" value="http://java.oracle.com/"/>
    <property name="path.separator" value=";"/>
    <property name="guice.disable.misplaced.annotation.check" value="true"/>
    <property name="java.vm.name" value="Java HotSpot(TM) Client VM"/>
    <property name="file.encoding.pkg" value="sun.io"/>
    <property name="user.script" value=""/>
    <property name="user.country" value="IT"/>
    <property name="sun.java.launcher" value="SUN_STANDARD"/>
    <property name="sun.os.patch.level" value="Service Pack 1"/>
    <property name="java.vm.specification.name" value="Java Virtual Machine Specification"/>
    <property name="user.dir" value="C:\Users\pierfrancesco\Documents\GitHub\projectGiw\nosql-social-model"/>
    <property name="java.runtime.version" value="1.7.0_17-b02"/>
    <property name="java.awt.graphicsenv" value="sun.awt.Win32GraphicsEnvironment"/>
    <property name="java.endorsed.dirs" value="C:\Program Files\Java\jdk1.7.0_17\jre\lib\endorsed"/>
    <property name="os.arch" value="x86"/>
    <property name="java.io.tmpdir" value="C:\Users\PIERFR~1\AppData\Local\Temp\"/>
    <property name="line.separator" value="
"/>
    <property name="java.vm.specification.vendor" value="Oracle Corporation"/>
    <property name="user.variant" value=""/>
    <property name="os.name" value="Windows 7"/>
    <property name="classworlds.conf" value="C:\Program Files\apache-maven-3.0.5\bin\..\bin\m2.conf"/>
    <property name="sun.jnu.encoding" value="Cp1252"/>
    <property name="java.library.path" value="C:\Program Files\Java\jdk1.7.0_17\bin;C:\Windows\Sun\Java\bin;C:\Windows\system32;C:\Windows;C:\Program Files\apache-maven-3.0.5\bin;C:\Program Files\Java\jdk1.7.0_17\bin;C:\Users\pierfrancesco\AppData\Roaming\npm;."/>
    <property name="java.specification.name" value="Java Platform API Specification"/>
    <property name="java.class.version" value="51.0"/>
    <property name="sun.management.compiler" value="HotSpot Client Compiler"/>
    <property name="os.version" value="6.1"/>
    <property name="user.home" value="C:\Users\pierfrancesco"/>
    <property name="user.timezone" value="Europe/Berlin"/>
    <property name="java.awt.printerjob" value="sun.awt.windows.WPrinterJob"/>
    <property name="java.specification.version" value="1.7"/>
    <property name="file.encoding" value="Cp1252"/>
    <property name="user.name" value="pierfrancesco"/>
    <property name="java.class.path" value="C:\Program Files\apache-maven-3.0.5\bin\..\boot\plexus-classworlds-2.4.jar"/>
    <property name="java.vm.specification.version" value="1.7"/>
    <property name="sun.arch.data.model" value="32"/>
    <property name="java.home" value="C:\Program Files\Java\jdk1.7.0_17\jre"/>
    <property name="sun.java.command" value="org.codehaus.plexus.classworlds.launcher.Launcher test compile"/>
    <property name="java.specification.vendor" value="Oracle Corporation"/>
    <property name="user.language" value="it"/>
    <property name="awt.toolkit" value="sun.awt.windows.WToolkit"/>
    <property name="java.vm.info" value="mixed mode, sharing"/>
    <property name="java.version" value="1.7.0_17"/>
    <property name="java.ext.dirs" value="C:\Program Files\Java\jdk1.7.0_17\jre\lib\ext;C:\Windows\Sun\Java\lib\ext"/>
    <property name="sun.boot.class.path" value="C:\Program Files\Java\jdk1.7.0_17\jre\lib\resources.jar;C:\Program Files\Java\jdk1.7.0_17\jre\lib\rt.jar;C:\Program Files\Java\jdk1.7.0_17\jre\lib\sunrsasign.jar;C:\Program Files\Java\jdk1.7.0_17\jre\lib\jsse.jar;C:\Program Files\Java\jdk1.7.0_17\jre\lib\jce.jar;C:\Program Files\Java\jdk1.7.0_17\jre\lib\charsets.jar;C:\Program Files\Java\jdk1.7.0_17\jre\lib\jfr.jar;C:\Program Files\Java\jdk1.7.0_17\jre\classes"/>
    <property name="java.vendor" value="Oracle Corporation"/>
    <property name="maven.home" value="C:\Program Files\apache-maven-3.0.5\bin\.."/>
    <property name="file.separator" value="\"/>
    <property name="java.vendor.url.bug" value="http://bugreport.sun.com/bugreport/"/>
    <property name="sun.cpu.endian" value="little"/>
    <property name="sun.io.unicode.encoding" value="UnicodeLittle"/>
    <property name="sun.desktop" value="windows"/>
    <property name="sun.cpu.isalist" value="pentium_pro+mmx pentium_pro pentium+mmx pentium i486 i386 i86"/>
  </properties>
  <testcase time="0" classname="it.uniroma3.dia.giw.repositories.ElasticSearchInputOutputRepositoryIntegrationTestCase" name="shouldBeGreen"/>
  <testcase time="3.539" classname="it.uniroma3.dia.giw.repositories.performance.InMemoryInputOutputRepositoryPerformanceTest" name="assessPerformance"/>
  <testcase time="0.512" classname="it.uniroma3.dia.giw.repositories.performance.ElasticSearchStoreQueryRepositoryPerformanceTest" name="assessPerformance">
    <failure type="java.lang.NullPointerException">java.lang.NullPointerException
	at it.uniroma3.dia.giw.repositories.ElasticSearchOutputRepository.authorOccurrences(ElasticSearchOutputRepository.java:79)
	at it.uniroma3.dia.giw.repositories.performance.BaseStoreQueryRepositoryPerformanceTest.getScreenNameOccurrences(BaseStoreQueryRepositoryPerformanceTest.java:169)
	at it.uniroma3.dia.giw.repositories.performance.BaseStoreQueryRepositoryPerformanceTest.testPerformance(BaseStoreQueryRepositoryPerformanceTest.java:119)
	at it.uniroma3.dia.giw.repositories.performance.BaseStoreQueryRepositoryPerformanceTest.assessPerformance(BaseStoreQueryRepositoryPerformanceTest.java:97)
	at sun.reflect.NativeMethodAccessorImpl.invoke0(Native Method)
	at sun.reflect.NativeMethodAccessorImpl.invoke(NativeMethodAccessorImpl.java:57)
	at sun.reflect.DelegatingMethodAccessorImpl.invoke(DelegatingMethodAccessorImpl.java:43)
	at java.lang.reflect.Method.invoke(Method.java:601)
	at org.testng.internal.MethodInvocationHelper.invokeMethod(MethodInvocationHelper.java:74)
	at org.testng.internal.Invoker.invokeMethod(Invoker.java:673)
	at org.testng.internal.Invoker.invokeTestMethod(Invoker.java:846)
	at org.testng.internal.Invoker.invokeTestMethods(Invoker.java:1170)
	at org.testng.internal.TestMethodWorker.invokeTestMethods(TestMethodWorker.java:125)
	at org.testng.internal.TestMethodWorker.run(TestMethodWorker.java:109)
	at org.testng.TestRunner.runWorkers(TestRunner.java:1147)
	at org.testng.TestRunner.privateRun(TestRunner.java:749)
	at org.testng.TestRunner.run(TestRunner.java:600)
	at org.testng.SuiteRunner.runTest(SuiteRunner.java:317)
	at org.testng.SuiteRunner.runSequentially(SuiteRunner.java:312)
	at org.testng.SuiteRunner.privateRun(SuiteRunner.java:274)
	at org.testng.SuiteRunner.run(SuiteRunner.java:223)
	at org.testng.SuiteRunnerWorker.runSuite(SuiteRunnerWorker.java:52)
	at org.testng.SuiteRunnerWorker.run(SuiteRunnerWorker.java:86)
	at org.testng.TestNG.runSuitesSequentially(TestNG.java:1039)
	at org.testng.TestNG.runSuitesLocally(TestNG.java:964)
	at org.testng.TestNG.run(TestNG.java:900)
	at org.apache.maven.surefire.testng.TestNGExecutor.run(TestNGExecutor.java:70)
	at org.apache.maven.surefire.testng.TestNGDirectoryTestSuite.executeMulti(TestNGDirectoryTestSuite.java:158)
	at org.apache.maven.surefire.testng.TestNGDirectoryTestSuite.execute(TestNGDirectoryTestSuite.java:98)
	at org.apache.maven.surefire.testng.TestNGProvider.invoke(TestNGProvider.java:111)
	at sun.reflect.NativeMethodAccessorImpl.invoke0(Native Method)
	at sun.reflect.NativeMethodAccessorImpl.invoke(NativeMethodAccessorImpl.java:57)
	at sun.reflect.DelegatingMethodAccessorImpl.invoke(DelegatingMethodAccessorImpl.java:43)
	at java.lang.reflect.Method.invoke(Method.java:601)
	at org.apache.maven.surefire.util.ReflectionUtils.invokeMethodWithArray(ReflectionUtils.java:164)
	at org.apache.maven.surefire.booter.ProviderFactory$ProviderProxy.invoke(ProviderFactory.java:110)
	at org.apache.maven.surefire.booter.SurefireStarter.invokeProvider(SurefireStarter.java:175)
	at org.apache.maven.surefire.booter.SurefireStarter.runSuitesInProcessWhenForked(SurefireStarter.java:107)
	at org.apache.maven.surefire.booter.ForkedBooter.main(ForkedBooter.java:68)
</failure>
    <system-out>PROVA2
10445 [main] INFO  org.elasticsearch.plugins  - [Stacy X] loaded [], sites []
10671 [main] INFO  org.elasticsearch.transport  - [Stacy X] bound_address {local[3]}, publish_address {local[3]}
10673 [main] INFO  org.elasticsearch.discovery  - [Stacy X] es/3
10824 [elasticsearch[Stacy X][clusterService#updateTask][T#1]] INFO  org.elasticsearch.gateway  - [Stacy X] recovered [0] indices into cluster_state
11079 [main] INFO  org.elasticsearch.http  - [Stacy X] bound_address {inet[/0:0:0:0:0:0:0:0:9200]}, publish_address {inet[/192.168.2.6:9200]}
11085 [main] INFO  org.elasticsearch.plugins  - [Brian Falsworth] loaded [], sites []
11303 [main] INFO  org.elasticsearch.transport  - [Brian Falsworth] bound_address {local[4]}, publish_address {local[4]}
11306 [main] INFO  org.elasticsearch.discovery  - [Brian Falsworth] es/4
11657 [main] INFO  org.elasticsearch.http  - [Brian Falsworth] bound_address {inet[/0:0:0:0:0:0:0:0:9201]}, publish_address {inet[/192.168.2.6:9201]}
13102 [main] INFO  it.uniroma3.dia.giw.repositories.performance.ElasticSearchStoreQueryRepositoryPerformanceTest  - mapping: {&quot;context_tweet&quot;:{&quot;properties&quot;:{&quot;tweet&quot;:{&quot;properties&quot;:{&quot;user&quot;:{&quot;properties&quot;:{&quot;screenName&quot;:{&quot;type&quot;:&quot;string&quot;,&quot;index&quot;:&quot;not_analyzed&quot;}}}}},&quot;context_tweet_id&quot;:{&quot;properties&quot;:{&quot;id&quot;:{&quot;type&quot;:&quot;string&quot;}}},&quot;year&quot;:{&quot;type&quot;:&quot;integer&quot;},&quot;dayOfTheYear&quot;:{&quot;type&quot;:&quot;integer&quot;},&quot;monitoringActivityId&quot;:{&quot;type&quot;:&quot;string&quot;}}}}
Prova1


 andomInde7
13689 [main] INFO  it.uniroma3.dia.giw.repositories.performance.ElasticSearchStoreQueryRepositoryPerformanceTest  - Testing performances of a repository containing 10 tweets
QUESTO Ã¨ il monitorMonitoringActivityId{1}
QUESTO{
  &quot;took&quot; : 47,
  &quot;timed_out&quot; : false,
  &quot;_shards&quot; : {
    &quot;total&quot; : 5,
    &quot;successful&quot; : 5,
    &quot;failed&quot; : 0
  },
  &quot;hits&quot; : {
    &quot;total&quot; : 0,
    &quot;max_score&quot; : null,
    &quot;hits&quot; : [ ]
  }
}
</system-out>
  </testcase>
</testsuite>