<?xml version="1.0" encoding="UTF-8"?>
<!-- Generated by org.testng.reporters.JUnitReportReporter -->
<testsuite hostname="pierfrancescoPC" name="it.uniroma3.dia.giw.repositories.performance.InMemoryInputOutputRepositoryPerformanceTest" tests="1" failures="0" timestamp="2 Sep 2013 17:48:50 GMT" time="4,974" errors="0">
  <testcase name="assessPerformance" time="4,974" classname="it.uniroma3.dia.giw.repositories.performance.InMemoryInputOutputRepositoryPerformanceTest"/>
</testsuite>
