<?xml version="1.0" encoding="UTF-8"?>
<!-- Generated by org.testng.reporters.JUnitReportReporter -->
<testsuite hostname="pierfrancescoPC" name="it.uniroma3.dia.giw.repositories.ElasticSearchInputOutputRepositoryIntegrationTestCase" tests="1" failures="0" timestamp="3 Sep 2013 08:28:48 GMT" time="0,004" errors="0">
  <testcase name="shouldBeGreen" time="0,004" classname="it.uniroma3.dia.giw.repositories.ElasticSearchInputOutputRepositoryIntegrationTestCase"/>
</testsuite>
