<?xml version="1.0" encoding="UTF-8"?>
<!-- Generated by org.testng.reporters.JUnitReportReporter -->
<testsuite hostname="pierfrancescoPC" name="it.uniroma3.dia.giw.repositories.performance.InMemoryInputOutputRepositoryPerformanceTest" tests="1" failures="0" timestamp="3 Sep 2013 10:51:07 GMT" time="3,472" errors="0">
  <testcase name="assessPerformance" time="3,472" classname="it.uniroma3.dia.giw.repositories.performance.InMemoryInputOutputRepositoryPerformanceTest"/>
</testsuite>
