<?xml version="1.0" encoding="UTF-8"?>
<!-- Generated by org.testng.reporters.JUnitReportReporter -->
<testsuite hostname="pierfrancescoPC" name="it.uniroma3.dia.giw.repositories.performance.ElasticSearchStoreQueryRepositoryPerformanceTest" tests="1" failures="0" timestamp="6 Sep 2013 09:49:10 GMT" time="161,557" errors="0">
  <testcase name="assessPerformance" time="161,557" classname="it.uniroma3.dia.giw.repositories.performance.ElasticSearchStoreQueryRepositoryPerformanceTest"/>
</testsuite>
