<?xml version="1.0" encoding="UTF-8"?>
<!-- Generated by org.testng.reporters.JUnitReportReporter -->
<testsuite hostname="pierfrancescoPC" name="it.uniroma3.dia.giw.repositories.performance.InMemoryInputOutputRepositoryPerformanceTest" tests="1" failures="0" timestamp="2 Sep 2013 17:00:56 GMT" time="13,544" errors="0">
  <testcase name="assessPerformance" time="13,544" classname="it.uniroma3.dia.giw.repositories.performance.InMemoryInputOutputRepositoryPerformanceTest"/>
</testsuite>
